<?xml version="1.0" encoding="UTF-8"?>
<robot generator="Robot 7.4.2 (Python 3.12.10 on win32)" generated="2026-09-08T15:21:14.214349" rpa="true" schemaversion="5">
<suite id="s1" name="Select Board" source="C:\Work\GUI Automation\GUI_Automation_Robot\tests\select_board.robot">
<test id="s1-t1" name="Create And Build Application" line="13">
<kw name="Open Studio" owner="StudioLibrary">
<msg time="2026-09-08T15:21:14.597289" level="INFO">Opening Simplicity Studio...</msg>
<status status="PASS" start="2026-09-08T15:21:14.461307" elapsed="0.135982"/>
</kw>
<kw name="Wait For Main Screen" owner="StudioLibrary">
<msg time="2026-09-08T15:21:20.234588" level="INFO">Waiting for Simplicity Studio main screen...
Studio is still loading...
Studio is still loading...
Main Studio screen ready: 'Simplicity Studio® 289'</msg>
<status status="PASS" start="2026-09-08T15:21:14.597289" elapsed="5.637299"/>
</kw>
<kw name="Maximize Studio" owner="StudioLibrary">
<msg time="2026-09-08T15:21:20.250304" level="INFO">Main Studio window maximized.</msg>
<status status="PASS" start="2026-09-08T15:21:20.234588" elapsed="0.015716"/>
</kw>
<kw name="Close Previous Tabs" owner="StudioLibrary">
<msg time="2026-09-08T15:21:20.981726" level="INFO">Checking previous Studio tabs...
Open top tabs: ['Home']
No previous board/project tabs are open.</msg>
<status status="PASS" start="2026-09-08T15:21:20.250304" elapsed="0.731422"/>
</kw>
<kw name="Open Devices" owner="StudioLibrary">
<msg time="2026-09-08T15:21:22.927548" level="INFO">Waiting for DEVICES...
DEVICES clicked.
Waiting for Devices search box...
Devices page is still loading...
Devices search box found.</msg>
<status status="PASS" start="2026-09-08T15:21:20.981726" elapsed="1.946346"/>
</kw>
<kw name="Search Board" owner="StudioLibrary">
<msg time="2026-09-08T15:21:23.116825" level="INFO">Searching for board: 2601B
Search text entered: 2601B</msg>
<arg>${BOARD}</arg>
<status status="PASS" start="2026-09-08T15:21:22.928593" elapsed="0.188232"/>
</kw>
<kw name="Select Board" owner="StudioLibrary">
<msg time="2026-09-08T15:21:23.652791" level="INFO">Waiting for board result containing '2601B'...
Selected board result: 'EFR32xG24 Dev Kit Board (BRD2601B)' | Type: TreeItem
Clicking board result: EFR32xG24 Dev Kit Board (BRD2601B)
Board clicked successfully.</msg>
<arg>${BOARD}</arg>
<status status="PASS" start="2026-09-08T15:21:23.116825" elapsed="0.535966"/>
</kw>
<kw name="Open Example Projects And Demos" owner="StudioLibrary">
<msg time="2026-09-08T15:21:27.111809" level="INFO">Looking for EXAMPLE PROJECTS &amp; DEMOS...
EXAMPLE PROJECTS &amp; DEMOS not ready yet...
FOUND: 'EXAMPLE PROJECTS &amp; DEMOS' | Type: TabItem | AutomationID: ''
FOUND: 'EXAMPLE PROJECTS &amp; DEMOS' | Type: Text | AutomationID: ''
Using: 'EXAMPLE PROJECTS &amp; DEMOS' | Type: TabItem
EXAMPLE PROJECTS &amp; DEMOS clicked.
Waiting for Example Projects &amp; Demos page...
Waiting for Example Projects page to become ready...
Example Projects page is ready.
Example Projects &amp; Demos page loaded.</msg>
<status status="PASS" start="2026-09-08T15:21:23.652791" elapsed="3.459018"/>
</kw>
<kw name="Search Application" owner="StudioLibrary">
<msg time="2026-09-08T15:21:34.669551" level="INFO">Searching for application: AI/ML - SoC Blink EFR32
Waiting for Example Projects &amp; Demos page...
Waiting for Example Projects page to become ready...
Example Projects page is ready.
Example Projects &amp; Demos page loaded.
Application search entered: AI/ML - SoC Blink EFR32
Waiting for application result: AI/ML - SoC Blink EFR32
Waiting for application result...
Application result found: AI/ML - SoC Blink EFR32</msg>
<arg>${APPLICATION}</arg>
<status status="PASS" start="2026-09-08T15:21:27.112826" elapsed="7.556725"/>
</kw>
<kw name="Create Production Application" owner="StudioLibrary">
<msg time="2026-09-08T15:21:35.617282" level="INFO">Looking for application: AI/ML - SoC Blink EFR32
Application found: AI/ML - SoC Blink EFR32
Application scroll_into_view not available: 'StaticWrapper' object has no attribute 'scroll_into_view'
Application quality: Production
CREATE button found.
CREATE scroll_into_view not available: 'ButtonWrapper' object has no attribute 'scroll_into_view'
CREATE clicked for Production application: AI/ML - SoC Blink EFR32</msg>
<arg>${APPLICATION}</arg>
<status status="PASS" start="2026-09-08T15:21:34.685343" elapsed="0.931939"/>
</kw>
<kw name="Select Target IDE" owner="StudioLibrary">
<msg time="2026-09-08T15:21:37.665975" level="INFO">Requested Target IDE: CMake (GCC/IAR/LLVM)
Waiting for Project Configuration...
Project Configuration still loading...
Project Configuration is ready.
Current Target IDE: CMake (GCC/IAR/LLVM)
Target IDE already selected: CMake (GCC/IAR/LLVM)</msg>
<arg>${TARGET_IDE}</arg>
<status status="PASS" start="2026-09-08T15:21:35.617282" elapsed="2.048693"/>
</kw>
<kw name="Finish Project Creation" owner="StudioLibrary">
<msg time="2026-09-08T15:22:24.418222" level="INFO">Waiting for FINISH button...
Waiting for Project Configuration...
Project Configuration is ready.
FINISH button found.
FINISH clicked.
Waiting for Project Configuration to close...
Project creation in progress...
Project creation in progress...
Project creation in progress...
Project creation in progress...
Project creation in progress...
Project creation in progress...
Project creation in progress...
Project creation in progress...
Project creation in progress...
Project creation in progress...
Project creation in progress...
Project creation in progress...
Project creation in progress...
Project creation in progress...
Project creation in progress...
Project creation in progress...
Project creation in progress...
Project creation in progress...
Project creation in progress...
Project creation in progress...
Project creation in progress...
Project creation in progress...
Project creation in progress...
Project creation in progress...
Project creation in progress...
Project creation in progress...
Project creation in progress...
Project Configuration closed.</msg>
<status status="PASS" start="2026-09-08T15:21:37.665975" elapsed="46.752247"/>
</kw>
<kw name="Open Project In Target IDE" owner="StudioLibrary">
<msg time="2026-09-08T15:22:28.421258" level="INFO">Target IDE: CMake (GCC/IAR/LLVM)
Waiting for button: Open in CLI CMake
Target IDE button found: Open in CLI CMake
Clicked: Open in CLI CMake
Waiting for CLI terminal...
Searching for visible Windows Terminal...
CLI terminal not ready yet...
CLI terminal not ready yet...
CLI terminal not ready yet...
CLI terminal not ready yet...
CLI terminal found: 'C:\\WINDOWS\\system32\\cmd.exe' | Handle: 1379184 | Score: 130
CLI terminal ready.</msg>
<arg>${TARGET_IDE}</arg>
<status status="PASS" start="2026-09-08T15:22:24.419187" elapsed="4.002071"/>
</kw>
<kw name="Run CMake Workflow" owner="StudioLibrary">
<msg time="2026-09-08T15:23:42.023140" level="INFO">Starting CMake workflow...
Changing directory to: cmake_gcc
Sending command: cd /d "cmake_gcc" &amp;&amp; title CMAKE_DIR_READY || title CMAKE_DIR_FAIL
Command submitted successfully.
Waiting for terminal result: CMAKE_DIR_READY
Success detected: CMAKE_DIR_READY
Successfully entered folder: cmake_gcc
Running: cmake --workflow --preset project
Sending command: cmake --workflow --preset project &amp;&amp; title CMAKE_WORKFLOW_PASS || title CMAKE_WORKFLOW_FAIL
Command submitted successfully.
Waiting for terminal result: CMAKE_WORKFLOW_PASS
Success detected: CMAKE_WORKFLOW_PASS
CMake workflow completed successfully.
Checking generated binary folder: build/base
Sending command: cd /d ".\build\base" &amp;&amp; title BINARY_DIR_READY || title BINARY_DIR_FAIL
Command submitted successfully.
Waiting for terminal result: BINARY_DIR_READY
Success detected: BINARY_DIR_READY
Successfully entered build/base folder.
Searching for generated .s37 binary...
Sending command: dir /b *.s37 &amp;&amp; title S37_BINARY_FOUND || title S37_BINARY_NOT_FOUND
Command submitted successfully.
Waiting for terminal result: S37_BINARY_FOUND
Success detected: S37_BINARY_FOUND
========================================
AUTOMATION SUCCESSFUL
.s37 binary file found in build/base.
========================================</msg>
<arg>${BUILD_FOLDER}</arg>
<status status="PASS" start="2026-09-08T15:22:28.421765" elapsed="73.601375"/>
</kw>
<status status="PASS" start="2026-09-08T15:21:14.461307" elapsed="147.561833"/>
</test>
<status status="PASS" start="2026-09-08T15:21:14.216355" elapsed="147.806785"/>
</suite>
<statistics>
<total>
<stat pass="1" fail="0" skip="0">All Tasks</stat>
</total>
<tag>
</tag>
<suite>
<stat name="Select Board" id="s1" pass="1" fail="0" skip="0">Select Board</stat>
</suite>
</statistics>
<errors>
</errors>
</robot>
